2020-07-01T18:11:56.3126723+05:30;VSTestExecutionThread;Info;SpecFlow+Runner execution started
2020-07-01T18:11:56.3126723+05:30;VSTestExecutionThread;Info;SpecFlow+Runner 3.3.14 in Framework clr40 in x86 mode execution started
2020-07-01T18:11:56.3126723+05:30;VSTestExecutionThread;Info;TestAdapter Location: D:\Project\Active-Active\packages\SpecRun.Runner.3.3.14\tools\net461\TechTalk.SpecRun.VisualStudio.TestAdapter.dll
2020-07-01T18:11:56.3126723+05:30;VSTestExecutionThread;Info;Current UserName: 'adeo', MachineName: 'GNLNB-PG018YN0'
2020-07-01T18:11:56.3466151+05:30;VSTestExecutionThread;Info;SpecRun: running tests in D:\Project\Active-Active\bin\Debug\Active-Active.dll
2020-07-01T18:11:56.3475777+05:30;VSTestExecutionThread;Info;Output folder configured to "D:\Project\Active-Active\TestResults" (default)
2020-07-01T18:11:56.3475777+05:30;VSTestExecutionThread;Info;Profile: 
2020-07-01T18:11:56.4039647+05:30;VSTestExecutionThread;Info;Log file path: D:\Project\Active-Active\TestResults\Unnamed project__2020-07-01T181156.log
2020-07-01T18:11:56.4109326+05:30;Thread#13;Info;Checking activation
2020-07-01T18:11:58.0776370+05:30;Thread#13;Info;Activated.
2020-07-01T18:11:58.0776370+05:30;Thread#13;Info;Activation check completed
2020-07-01T18:11:58.0776370+05:30;Thread#13;Info;Starting test run
2020-07-01T18:11:58.0916352+05:30;Thread#13;Info;Discovering target: Default
2020-07-01T18:11:58.0916352+05:30;Thread#13;Info;Discovering tests from assembly: D:\Project\Active-Active\bin\Debug\Active-Active.dll
2020-07-01T18:12:02.5488126+05:30;Thread#13;Info;Discovered tests from assembly: D:\Project\Active-Active\bin\Debug\Active-Active.dll
2020-07-01T18:12:02.5508073+05:30:Test Suite Dump
2020-07-01T18:12:02.5538009+05:30:#0: Unnamed project/ - 
2020-07-01T18:12:02.5538009+05:30:#1: Default - 
2020-07-01T18:12:02.5538009+05:30:#2: Active-Active - 
2020-07-01T18:12:02.5538009+05:30:#3: GetRequest - 
2020-07-01T18:12:02.5867458+05:30:#4: Creating a Get Request - TestAssembly:Active-Active/Feature:GetRequest/Scenario:Creating+a+Get+Request
2020-07-01T18:12:02.5867458+05:30:End: Test Suite Dump
2020-07-01T18:12:02.6070852+05:30:Thread#0:Scheduler: get next test for thread 0
2020-07-01T18:12:02.6080826+05:30:Thread#:Scheduler: testitem #4 from normal test queue 
2020-07-01T18:12:02.6080826+05:30:Thread#0:Scheduler: considering testitem #4 for thread 0
2020-07-01T18:12:02.6120718+05:30:Thread#0:TestItem#4:testItemMatchesCurrentTestThread:UnSpecific
2020-07-01T18:12:02.6120718+05:30:Thread#0:TestItem#4:runsOnOneOtherThreadSpecific:False
2020-07-01T18:12:02.6120718+05:30:Thread#0:TestItem#4:runsOnOneOtherThreadUnspecific:False
2020-07-01T18:12:02.6120718+05:30:Thread#0:Scheduler: using testitem #4 for thread 0
2020-07-01T18:12:02.6130690+05:30:Thread#0:Scheduler: Test #4 is scheduled for thread
2020-07-01T18:12:02.6140664+05:30:Thread#0:Scheduler: with testItemExecutionIndex 0
2020-07-01T18:12:02.6170612+05:30:Thread #0: creating new test thread executor for Active-Active, Version=1.0.0.0, Culture=neutral, PublicKeyToken=null (target: Default)
2020-07-01T18:12:02.6190538+05:30:Thread #0: Creating test assembly executor for execution model AppDomain
2020-07-01T18:12:02.6230455+05:30:Thread #0: Creating test assembly executor for execution model AppDomain
2020-07-01T18:12:02.6240804+05:30:Thread #0: using TechTalk.SpecRun.Framework.Execution.InProcess.InProcAppDomainTestAssemblyExecutorHost to execute tests
2020-07-01T18:12:03.0376586+05:30:Thread#0:T:-> Loading plugin D:\Project\Active-Active\bin\Debug\SpecRun.Runtime.SpecFlowPlugin.dll
2020-07-01T18:12:03.0446411+05:30:Thread#0:T:-> Using default config
2020-07-01T18:12:05.8100926+05:30:test thread #0 error: System.UnauthorizedAccessException: Access to the path 'C:\Users\amitk\source\repos\Active-Active\ExtentReports' is denied.

Server stack trace: 
   at System.IO.__Error.WinIOError(Int32 errorCode, String maybeFullPath)
   at System.IO.Directory.InternalCreateDirectory(String fullPath, String path, Object dirSecurityObj, Boolean checkHost)
   at System.IO.Directory.InternalCreateDirectoryHelper(String path, Boolean checkHost)
   at System.IO.Directory.CreateDirectory(String path)
   at AventStack.ExtentReports.Reporter.BasicFileReporter..ctor(String filePath)
   at AventStack.ExtentReports.Reporter.ExtentHtmlReporter..ctor(String folderPath)
   at Active_Active.Hooks.InitializeReport() in D:\Project\Active-Active\Hooks.cs:line 38
   at lambda_method(Closure , IContextManager )
   at TechTalk.SpecFlow.Bindings.BindingInvoker.InvokeBinding(IBinding binding, IContextManager contextManager, Object[] arguments, ITestTracer testTracer, TimeSpan& duration) in D:\a\1\s\TechTalk.SpecFlow\Bindings\BindingInvoker.cs:line 69
   at TechTalk.SpecFlow.Infrastructure.TestExecutionEngine.InvokeHook(IBindingInvoker invoker, IHookBinding hookBinding, HookType hookType) in D:\a\1\s\TechTalk.SpecFlow\Infrastructure\TestExecutionEngine.cs:line 351
   at TechTalk.SpecRun.SpecFlowPlugin.Runtime.RunnerTestExecutionEngine.InvokeHook(IBindingInvoker invoker, IHookBinding hookBinding, HookType hookType)
   at TechTalk.SpecFlow.Infrastructure.TestExecutionEngine.FireEvents(HookType hookType) in D:\a\1\s\TechTalk.SpecFlow\Infrastructure\TestExecutionEngine.cs:line 340
   at TechTalk.SpecFlow.Infrastructure.TestExecutionEngine.OnTestRunStart() in D:\a\1\s\TechTalk.SpecFlow\Infrastructure\TestExecutionEngine.cs:line 126
   at TechTalk.SpecRun.SpecFlowPlugin.Runtime.RunnerTestExecutionEngine.OnTestRunStart()
   at TechTalk.SpecFlow.TestRunner.OnTestRunStart() in D:\a\1\s\TechTalk.SpecFlow\TestRunner.cs:line 29
   at TechTalk.SpecFlow.TestRunnerManager.FireTestRunStart() in D:\a\1\s\TechTalk.SpecFlow\TestRunnerManager.cs:line 117
   at TechTalk.SpecFlow.TestRunnerManager.OnTestRunStart(Assembly testAssembly, IContainerBuilder containerBuilder) in D:\a\1\s\TechTalk.SpecFlow\TestRunnerManager.cs:line 232
   at Active_Active_SpecFlowPlusRunnerAssemblyHooks.AssemblyInitialize() in D:\Project\Active-Active\obj\Debug\SpecFlow.Plus.Runner.AssemblyHooks.cs:line 8
   at TechTalk.SpecRun.Framework.TaskExecutors.StaticOrInstanceMethodExecutor.ExecuteInternal(ITestThreadExecutionContext testThreadExecutionContext)
   at TechTalk.SpecRun.Framework.TaskExecutors.StaticOrInstanceMethodExecutor.Execute(ITestThreadExecutionContext testThreadExecutionContext)
   at TechTalk.SpecRun.Framework.TestAssemblyExecutor.RunAssemblyInitializeExecutors(ITestAssemblyExecutorsProvider testAssemblyExecutorsProvider, ITestThreadExecutionContext testThreadExecutionContext)
   at TechTalk.SpecRun.Framework.TestAssemblyExecutor.RunTests(ITestAssemblyExecutorState executorState, ITestAssemblyExecutorsProvider testAssemblyExecutorsProvider, ITestThreadExecutionContext testThreadExecutionContext)
   at TechTalk.SpecRun.Framework.TestAssemblyExecutor.RunTests(TestThreadState testThreadState)
   at System.Runtime.Remoting.Messaging.StackBuilderSink._PrivateProcessMessage(IntPtr md, Object[] args, Object server, Object[]& outArgs)
   at System.Runtime.Remoting.Messaging.StackBuilderSink.SyncProcessMessage(IMessage msg)

Exception rethrown at [0]: 
   at System.Runtime.Remoting.Proxies.RealProxy.HandleReturnMessage(IMessage reqMsg, IMessage retMsg)
   at System.Runtime.Remoting.Proxies.RealProxy.PrivateInvoke(MessageData& msgData, Int32 type)
   at TechTalk.SpecRun.Framework.ITestAssemblyExecutor.RunTests(TestThreadState testThreadState)
   at TechTalk.SpecRun.Framework.Execution.InProcess.InProcAppDomainTestAssemblyExecutorHost.RunTests(TestThreadState testThreadState)
   at TechTalk.SpecRun.Framework.TestThread.RunNonEmptyTestSuite(CancellationToken cancellationToken, TestThreadState testThreadState)
   at TechTalk.SpecRun.Framework.TestThread.Run(ITestExecutionManager executionManagerForRun, CancellationToken cancellationToken)
   at TechTalk.SpecRun.Framework.AsyncTestThreadRunner.RunSync(TestExecutionManager executionManager, CancellationToken cancellationToken)
2020-07-01T18:12:05.8120860+05:30:test thread error: TechTalk.SpecRun.Framework.SpecRunException: At least one test thread aborted. ---> System.UnauthorizedAccessException: Access to the path 'C:\Users\amitk\source\repos\Active-Active\ExtentReports' is denied.

Server stack trace: 
   at System.IO.__Error.WinIOError(Int32 errorCode, String maybeFullPath)
   at System.IO.Directory.InternalCreateDirectory(String fullPath, String path, Object dirSecurityObj, Boolean checkHost)
   at System.IO.Directory.InternalCreateDirectoryHelper(String path, Boolean checkHost)
   at System.IO.Directory.CreateDirectory(String path)
   at AventStack.ExtentReports.Reporter.BasicFileReporter..ctor(String filePath)
   at AventStack.ExtentReports.Reporter.ExtentHtmlReporter..ctor(String folderPath)
   at Active_Active.Hooks.InitializeReport() in D:\Project\Active-Active\Hooks.cs:line 38
   at lambda_method(Closure , IContextManager )
   at TechTalk.SpecFlow.Bindings.BindingInvoker.InvokeBinding(IBinding binding, IContextManager contextManager, Object[] arguments, ITestTracer testTracer, TimeSpan& duration) in D:\a\1\s\TechTalk.SpecFlow\Bindings\BindingInvoker.cs:line 69
   at TechTalk.SpecFlow.Infrastructure.TestExecutionEngine.InvokeHook(IBindingInvoker invoker, IHookBinding hookBinding, HookType hookType) in D:\a\1\s\TechTalk.SpecFlow\Infrastructure\TestExecutionEngine.cs:line 351
   at TechTalk.SpecRun.SpecFlowPlugin.Runtime.RunnerTestExecutionEngine.InvokeHook(IBindingInvoker invoker, IHookBinding hookBinding, HookType hookType)
   at TechTalk.SpecFlow.Infrastructure.TestExecutionEngine.FireEvents(HookType hookType) in D:\a\1\s\TechTalk.SpecFlow\Infrastructure\TestExecutionEngine.cs:line 340
   at TechTalk.SpecFlow.Infrastructure.TestExecutionEngine.OnTestRunStart() in D:\a\1\s\TechTalk.SpecFlow\Infrastructure\TestExecutionEngine.cs:line 126
   at TechTalk.SpecRun.SpecFlowPlugin.Runtime.RunnerTestExecutionEngine.OnTestRunStart()
   at TechTalk.SpecFlow.TestRunner.OnTestRunStart() in D:\a\1\s\TechTalk.SpecFlow\TestRunner.cs:line 29
   at TechTalk.SpecFlow.TestRunnerManager.FireTestRunStart() in D:\a\1\s\TechTalk.SpecFlow\TestRunnerManager.cs:line 117
   at TechTalk.SpecFlow.TestRunnerManager.OnTestRunStart(Assembly testAssembly, IContainerBuilder containerBuilder) in D:\a\1\s\TechTalk.SpecFlow\TestRunnerManager.cs:line 232
   at Active_Active_SpecFlowPlusRunnerAssemblyHooks.AssemblyInitialize() in D:\Project\Active-Active\obj\Debug\SpecFlow.Plus.Runner.AssemblyHooks.cs:line 8
   at TechTalk.SpecRun.Framework.TaskExecutors.StaticOrInstanceMethodExecutor.ExecuteInternal(ITestThreadExecutionContext testThreadExecutionContext)
   at TechTalk.SpecRun.Framework.TaskExecutors.StaticOrInstanceMethodExecutor.Execute(ITestThreadExecutionContext testThreadExecutionContext)
   at TechTalk.SpecRun.Framework.TestAssemblyExecutor.RunAssemblyInitializeExecutors(ITestAssemblyExecutorsProvider testAssemblyExecutorsProvider, ITestThreadExecutionContext testThreadExecutionContext)
   at TechTalk.SpecRun.Framework.TestAssemblyExecutor.RunTests(ITestAssemblyExecutorState executorState, ITestAssemblyExecutorsProvider testAssemblyExecutorsProvider, ITestThreadExecutionContext testThreadExecutionContext)
   at TechTalk.SpecRun.Framework.TestAssemblyExecutor.RunTests(TestThreadState testThreadState)
   at System.Runtime.Remoting.Messaging.StackBuilderSink._PrivateProcessMessage(IntPtr md, Object[] args, Object server, Object[]& outArgs)
   at System.Runtime.Remoting.Messaging.StackBuilderSink.SyncProcessMessage(IMessage msg)

Exception rethrown at [0]: 
   at System.Runtime.Remoting.Proxies.RealProxy.HandleReturnMessage(IMessage reqMsg, IMessage retMsg)
   at System.Runtime.Remoting.Proxies.RealProxy.PrivateInvoke(MessageData& msgData, Int32 type)
   at TechTalk.SpecRun.Framework.ITestAssemblyExecutor.RunTests(TestThreadState testThreadState)
   at TechTalk.SpecRun.Framework.Execution.InProcess.InProcAppDomainTestAssemblyExecutorHost.RunTests(TestThreadState testThreadState)
   at TechTalk.SpecRun.Framework.TestThread.RunNonEmptyTestSuite(CancellationToken cancellationToken, TestThreadState testThreadState)
   at TechTalk.SpecRun.Framework.TestThread.Run(ITestExecutionManager executionManagerForRun, CancellationToken cancellationToken)
   at TechTalk.SpecRun.Framework.AsyncTestThreadRunner.RunSync(TestExecutionManager executionManager, CancellationToken cancellationToken)
   --- End of inner exception stack trace ---
2020-07-01T18:12:05.8127208+05:30:Trying to cancel thread
2020-07-01T18:12:05.8127208+05:30:Thread cancelled
2020-07-01T18:12:05.8236386+05:30:Thread#-1: Test #4/0 is started on thread #-1
2020-07-01T18:12:05.8266277+05:30:Thread#-1: Test #4/0 is finished on thread #-1 as Skipped within 0.0019574 seconds
2020-07-01T18:12:05.8286223+05:30:Thread#-1:Scheduler: get next test for thread -1
2020-07-01T18:12:05.8286223+05:30:Thread#:Scheduler: at the end of normal test queue
2020-07-01T18:12:05.8286223+05:30:Thread#-1:Scheduler: enumerator for thread is at end
2020-07-01T18:12:05.8695517+05:30;Thread#13;Info;test run finished
2020-07-01T18:12:05.8695517+05:30;Thread#13;Info;publishing test results
2020-07-01T18:12:05.8765295+05:30;Thread#13;Info;test results published
2020-07-01T18:12:05.8774934+05:30;Thread#13;Info;generating reports
2020-07-01T18:12:06.0732995+05:30;Thread#13;Info;Starting external report generation process
2020-07-01T18:12:23.2758946+05:30;Thread#13;Info;Successfully generated reports.
2020-07-01T18:12:23.2788881+05:30;Thread#13;Info;Successfully generated reports
2020-07-01T18:12:23.2878654+05:30:Total: 1
2020-07-01T18:12:23.2908598+05:30:Succeeded: 0
2020-07-01T18:12:23.2908598+05:30:Ignored: 0
2020-07-01T18:12:23.2918555+05:30:Pending: 0
2020-07-01T18:12:23.2918555+05:30:Skipped: 1
2020-07-01T18:12:23.2918555+05:30:Failed: 0
2020-07-01T18:12:23.2968398+05:30;VSTestExecutionThread;Info;Adding attachments to VSTest
2020-07-01T18:12:23.2968398+05:30;VSTestExecutionThread;Info;adding Test Execution Report 'D:\Project\Active-Active\TestResults\Unnamed project__2020-07-01T181156.html'
========== End of log file ==========
