2020-07-15T19:06:50.0468409+05:30;VSTestExecutionThread;Info;SpecFlow+Runner execution started
2020-07-15T19:06:50.0468409+05:30;VSTestExecutionThread;Info;SpecFlow+Runner 3.3.17 in Framework clr40 in x86 mode execution started
2020-07-15T19:06:50.0468409+05:30;VSTestExecutionThread;Info;TestAdapter Location: D:\Project\Active-Active\packages\SpecRun.Runner.3.3.17\tools\net461\TechTalk.SpecRun.VisualStudio.TestAdapter.dll
2020-07-15T19:06:50.0477946+05:30;VSTestExecutionThread;Info;Current UserName: 'adeo', MachineName: 'GNLNB-PG018YN0'
2020-07-15T19:06:50.1347949+05:30;VSTestExecutionThread;Info;SpecRun: running tests in D:\Project\Active-Active\bin\Debug\Active-Active.dll
2020-07-15T19:06:50.1347949+05:30;VSTestExecutionThread;Info;Output folder configured to "D:\Project\Active-Active\TestResults" (default)
2020-07-15T19:06:50.1357604+05:30;VSTestExecutionThread;Info;Profile: 
2020-07-15T19:06:50.2493481+05:30;VSTestExecutionThread;Info;Log file path: D:\Project\Active-Active\TestResults\Unnamed project__2020-07-15T190650.log
2020-07-15T19:06:50.2633350+05:30;Thread#18;Info;Checking activation
2020-07-15T19:06:50.3813241+05:30;Thread#18;Info;Activated.
2020-07-15T19:06:50.3823464+05:30;Thread#18;Info;Activation check completed
2020-07-15T19:06:50.3823464+05:30;Thread#18;Info;Starting test run
2020-07-15T19:06:50.4446819+05:30;Thread#18;Info;Discovering target: Default
2020-07-15T19:06:50.4456785+05:30;Thread#18;Info;Discovering tests from assembly: D:\Project\Active-Active\bin\Debug\Active-Active.dll
2020-07-15T19:06:51.0927870+05:30;Thread#18;Info;Discovered tests from assembly: D:\Project\Active-Active\bin\Debug\Active-Active.dll
2020-07-15T19:06:51.0967335+05:30:Test Suite Dump
2020-07-15T19:06:51.0997237+05:30:#0: Unnamed project/ - 
2020-07-15T19:06:51.0997237+05:30:#1: Default - 
2020-07-15T19:06:51.0997237+05:30:#2: Active-Active - 
2020-07-15T19:06:51.0997237+05:30:#3: SimpleGetRequest - 
2020-07-15T19:06:51.1070933+05:30:#4: Creating a simple Get Request - TestAssembly:Active-Active/Feature:SimpleGetRequest/Scenario:Creating+a+simple+Get+Request
2020-07-15T19:06:51.1070933+05:30:End: Test Suite Dump
2020-07-15T19:06:51.1395850+05:30:Thread#0:Scheduler: get next test for thread 0
2020-07-15T19:06:51.1425769+05:30:Thread#:Scheduler: testitem #4 from normal test queue 
2020-07-15T19:06:51.1425769+05:30:Thread#0:Scheduler: considering testitem #4 for thread 0
2020-07-15T19:06:51.1516548+05:30:Thread#0:TestItem#4:testItemMatchesCurrentTestThread:UnSpecific
2020-07-15T19:06:51.1516548+05:30:Thread#0:TestItem#4:runsOnOneOtherThreadSpecific:False
2020-07-15T19:06:51.1516548+05:30:Thread#0:TestItem#4:runsOnOneOtherThreadUnspecific:False
2020-07-15T19:06:51.1516548+05:30:Thread#0:Scheduler: using testitem #4 for thread 0
2020-07-15T19:06:51.1526532+05:30:Thread#0:Scheduler: Test #4 is scheduled for thread
2020-07-15T19:06:51.1546454+05:30:Thread#0:Scheduler: with testItemExecutionIndex 0
2020-07-15T19:06:51.1576370+05:30:Thread #0: creating new test thread executor for Active-Active, Version=1.0.0.0, Culture=neutral, PublicKeyToken=null (target: Default)
2020-07-15T19:06:51.1596337+05:30:Thread #0: Creating test assembly executor for execution model AppDomain
2020-07-15T19:06:51.1617566+05:30:Thread #0: Creating test assembly executor for execution model AppDomain
2020-07-15T19:06:51.1633765+05:30:Thread #0: using TechTalk.SpecRun.Framework.Execution.InProcess.InProcAppDomainTestAssemblyExecutorHost to execute tests
2020-07-15T19:06:51.3138439+05:30:Thread#0:T:-> Loading plugin D:\Project\Active-Active\bin\Debug\SpecRun.Runtime.SpecFlowPlugin.dll
2020-07-15T19:06:51.3207903+05:30:Thread#0:T:-> Using default config
2020-07-15T19:06:51.8033927+05:30:Thread#0: Test #4/0 is started on thread #0
2020-07-15T19:06:51.8286605+05:30:Thread#0:B:Given I have Api url
2020-07-15T19:06:52.0245905+05:30:Thread#0:T:[19:06:52 INF] URL ishttps://reqres.in/api/
2020-07-15T19:06:52.0574375+05:30:Thread#0:T:done: SimpleGetRequest.GivenIHaveApiUrl() (0.1s)
2020-07-15T19:06:52.0577504+05:30:Thread#0:B:And I have URI
2020-07-15T19:06:52.0710207+05:30:Thread#0:T:[19:06:52 INF] URI is https://reqres.in/api//users
2020-07-15T19:06:52.0714685+05:30:Thread#0:T:done: SimpleGetRequest.GivenIHaveURI() (0.0s)
2020-07-15T19:06:52.0714685+05:30:Thread#0:B:When I hit a Restsharp Get Request
2020-07-15T19:06:52.7113435+05:30:Thread#0:T:[19:06:52 INF] Executing the Get request
2020-07-15T19:06:52.7133382+05:30:Thread#0:T:[19:06:52 INF] Response Recived from Get Request is {"page":1,"per_page":6,"total":12,"total_pages":2,"data":[{"id":1,"email":"george.bluth@reqres.in","first_name":"George","last_name":"Bluth","avatar":"https://s3.amazonaws.com/uifaces/faces/twitter/calebogden/128.jpg"},{"id":2,"email":"janet.weaver@reqres.in","first_name":"Janet","last_name":"Weaver","avatar":"https://s3.amazonaws.com/uifaces/faces/twitter/josephstein/128.jpg"},{"id":3,"email":"emma.wong@reqres.in","first_name":"Emma","last_name":"Wong","avatar":"https://s3.amazonaws.com/uifaces/faces/twitter/olegpogodaev/128.jpg"},{"id":4,"email":"eve.holt@reqres.in","first_name":"Eve","last_name":"Holt","avatar":"https://s3.amazonaws.com/uifaces/faces/twitter/marcoramires/128.jpg"},{"id":5,"email":"charles.morris@reqres.in","first_name":"Charles","last_name":"Morris","avatar":"https://s3.amazonaws.com/uifaces/faces/twitter/stephenmoon/128.jpg"},{"id":6,"email":"tracey.ramos@reqres.in","first_name":"Tracey","last_name":"Ramos","avatar":"https://s3.amazonaws.com/uifaces/faces/twitter/bigmancho/128.jpg"}],"ad":{"company":"StatusCode Weekly","url":"http://statuscode.org/","text":"A weekly newsletter focusing on software development, infrastructure, the server, performance, and the stack end of things."}}
2020-07-15T19:06:52.7143386+05:30:Thread#0:T:done: SimpleGetRequest.WhenIHitARestsharpGetRequest() (0.6s)
2020-07-15T19:06:52.7153368+05:30:Thread#0:B:Then I Verify the Result
2020-07-15T19:06:52.8245373+05:30:Thread#0:T:[19:06:52 INF] per_page Recived from Get Request is 6
2020-07-15T19:06:52.8254106+05:30:Thread#0:T:[19:06:52 INF] total_pages Recived from Get Request is 2
2020-07-15T19:06:52.8304463+05:30:Thread#0:T:[19:06:52 INF] StatusCode Recived from Get Request is 200
2020-07-15T19:07:00.1395360+05:30:Thread#0:T:[19:07:00 INF] Sceanrios failed as Status recieved isSystem.Net.Mail.SmtpException: Transaction failed. The server response was: 5.2.0 STOREDRV.Submission.Exception:OutboundSpamException; Failed to process message due to a permanent exception with message WASCL UserAction verdict is not None. Actual verdict is HipNotify, ShowTierUpgrade. OutboundSpamException: WASCL UserAction verdict is not None. Actual verdict is HipNotify, ShowTierUpgrade. [Hostname=SL2PR04MB3308.apcprd04.prod.outlook.com]
2020-07-15T19:07:00.1395360+05:30:Thread#0:T:   at System.Net.Mail.DataStopCommand.CheckResponse(SmtpStatusCode statusCode, String serverResponse)
2020-07-15T19:07:00.1395360+05:30:Thread#0:T:   at System.Net.Mail.DataStopCommand.Send(SmtpConnection conn)
2020-07-15T19:07:00.1479771+05:30:Thread#0:T:   at System.Net.Mail.SmtpConnection.OnClose(Object sender, EventArgs args)
2020-07-15T19:07:00.1479771+05:30:Thread#0:T:   at System.Net.ClosableStream.Close()
2020-07-15T19:07:00.1489221+05:30:Thread#0:T:   at System.Net.Mail.MailWriter.Close()
2020-07-15T19:07:00.1489221+05:30:Thread#0:T:   at System.Net.Mail.SmtpClient.Send(MailMessage message)
2020-07-15T19:07:00.1489221+05:30:Thread#0:T:   at Active_Active.Hooks.email() in D:\Project\Active-Active\Hooks.cs:line 138
2020-07-15T19:07:00.1499200+05:30:Thread#0:T:   at Active_Active.StepDefinitions.SimpleGetRequest.ThenIVerifyTheResult() in D:\Project\Active-Active\StepDefinitions\SimpleGetRequest.cs:line 136
2020-07-15T19:07:06.9584512+05:30:Thread#0:T:done: SimpleGetRequest.ThenIVerifyTheResult() (14.2s)
2020-07-15T19:07:06.9846120+05:30:Thread#0:Scheduler: get next test for thread 0
2020-07-15T19:07:06.9846120+05:30:Thread#:Scheduler: at the end of normal test queue
2020-07-15T19:07:06.9846120+05:30:Thread#0:Scheduler: enumerator for thread is at end
2020-07-15T19:07:06.9846120+05:30:Thread#0:Scheduler: No more tests for thread
2020-07-15T19:07:07.0145378+05:30:Thread#0: Test #4/0 is finished on thread #0 as Succeeded within 15.2101469 seconds
2020-07-15T19:07:07.1647188+05:30:Trying to cancel thread
2020-07-15T19:07:07.1647188+05:30:Thread cancelled
2020-07-15T19:07:07.1786871+05:30:Thread#-1:Scheduler: get next test for thread -1
2020-07-15T19:07:07.1786871+05:30:Thread#:Scheduler: at the end of normal test queue
2020-07-15T19:07:07.1786871+05:30:Thread#-1:Scheduler: enumerator for thread is at end
2020-07-15T19:07:07.1816775+05:30;Thread#18;Info;test run finished
2020-07-15T19:07:07.1826327+05:30;Thread#18;Info;publishing test results
2020-07-15T19:07:07.1956212+05:30;Thread#18;Info;test results published
2020-07-15T19:07:07.1956212+05:30;Thread#18;Info;generating reports
2020-07-15T19:07:07.4186849+05:30;Thread#18;Info;Starting external report generation process
2020-07-15T19:07:10.1176582+05:30;Thread#18;Info;Successfully generated reports.
2020-07-15T19:07:10.1196877+05:30;Thread#18;Info;Successfully generated reports
2020-07-15T19:07:10.1261945+05:30:Total: 1
2020-07-15T19:07:10.1281904+05:30:Succeeded: 1
2020-07-15T19:07:10.1281904+05:30:Ignored: 0
2020-07-15T19:07:10.1291883+05:30:Pending: 0
2020-07-15T19:07:10.1291883+05:30:Skipped: 0
2020-07-15T19:07:10.1291883+05:30:Failed: 0
2020-07-15T19:07:10.1401570+05:30;VSTestExecutionThread;Info;Adding attachments to VSTest
2020-07-15T19:07:10.1401570+05:30;VSTestExecutionThread;Info;adding Test Execution Report 'D:\Project\Active-Active\TestResults\Unnamed project__2020-07-15T190650.html'
========== End of log file ==========
