2020-06-28T14:10:05.1888382+05:30;VSTestExecutionThread;Info;SpecFlow+Runner execution started
2020-06-28T14:10:05.1888382+05:30;VSTestExecutionThread;Info;SpecFlow+Runner 3.3.14 in Framework clr40 in x86 mode execution started
2020-06-28T14:10:05.1888382+05:30;VSTestExecutionThread;Info;TestAdapter Location: C:\Users\amitk\source\repos\Active-Active\packages\SpecRun.Runner.3.3.14\tools\net461\TechTalk.SpecRun.VisualStudio.TestAdapter.dll
2020-06-28T14:10:05.1898360+05:30;VSTestExecutionThread;Info;Current UserName: 'amitk', MachineName: 'AMITKUMARDEO'
2020-06-28T14:10:05.2654969+05:30;VSTestExecutionThread;Info;SpecRun: running tests in C:\Users\amitk\source\repos\Active-Active\bin\Debug\Active-Active.dll
2020-06-28T14:10:05.2654969+05:30;VSTestExecutionThread;Info;Output folder configured to "C:\Users\amitk\source\repos\Active-Active\TestResults" (default)
2020-06-28T14:10:05.2654969+05:30;VSTestExecutionThread;Info;Profile: 
2020-06-28T14:10:05.3343453+05:30;VSTestExecutionThread;Info;Log file path: C:\Users\amitk\source\repos\Active-Active\TestResults\Unnamed project__2020-06-28T141005.log
2020-06-28T14:10:05.3442844+05:30;Thread#13;Info;Checking activation
2020-06-28T14:10:05.4420233+05:30;Thread#13;Info;Activated.
2020-06-28T14:10:05.4420233+05:30;Thread#13;Info;Activation check completed
2020-06-28T14:10:05.4420233+05:30;Thread#13;Info;Starting test run
2020-06-28T14:10:05.5530214+05:30;Thread#13;Info;Discovering target: Default
2020-06-28T14:10:05.5539870+05:30;Thread#13;Info;Discovering tests from assembly: C:\Users\amitk\source\repos\Active-Active\bin\Debug\Active-Active.dll
2020-06-28T14:10:07.2207116+05:30;Thread#13;Info;Discovered tests from assembly: C:\Users\amitk\source\repos\Active-Active\bin\Debug\Active-Active.dll
2020-06-28T14:10:07.2227112+05:30:Test Suite Dump
2020-06-28T14:10:07.2247391+05:30:#0: Unnamed project/ - 
2020-06-28T14:10:07.2247391+05:30:#1: Default - 
2020-06-28T14:10:07.2247391+05:30:#2: Active-Active - 
2020-06-28T14:10:07.2247391+05:30:#3: GetRequest - 
2020-06-28T14:10:07.2845818+05:30:#4: Creating a Get Request - TestAssembly:Active-Active/Feature:GetRequest/Scenario:Creating+a+Get+Request
2020-06-28T14:10:07.2845818+05:30:End: Test Suite Dump
2020-06-28T14:10:07.3420044+05:30:Thread#0:Scheduler: get next test for thread 0
2020-06-28T14:10:07.3449966+05:30:Thread#:Scheduler: testitem #4 from normal test queue 
2020-06-28T14:10:07.3449966+05:30:Thread#0:Scheduler: considering testitem #4 for thread 0
2020-06-28T14:10:07.3652145+05:30:Thread#0:TestItem#4:testItemMatchesCurrentTestThread:UnSpecific
2020-06-28T14:10:07.3652145+05:30:Thread#0:TestItem#4:runsOnOneOtherThreadSpecific:False
2020-06-28T14:10:07.3652145+05:30:Thread#0:TestItem#4:runsOnOneOtherThreadUnspecific:False
2020-06-28T14:10:07.3652145+05:30:Thread#0:Scheduler: using testitem #4 for thread 0
2020-06-28T14:10:07.3682057+05:30:Thread#0:Scheduler: Test #4 is scheduled for thread
2020-06-28T14:10:07.3692024+05:30:Thread#0:Scheduler: with testItemExecutionIndex 0
2020-06-28T14:10:07.3741886+05:30:Thread #0: creating new test thread executor for Active-Active, Version=1.0.0.0, Culture=neutral, PublicKeyToken=null (target: Default)
2020-06-28T14:10:07.3771814+05:30:Thread #0: Creating test assembly executor for execution model AppDomain
2020-06-28T14:10:07.3882156+05:30:Thread #0: Creating test assembly executor for execution model AppDomain
2020-06-28T14:10:07.3902072+05:30:Thread #0: using TechTalk.SpecRun.Framework.Execution.InProcess.InProcAppDomainTestAssemblyExecutorHost to execute tests
2020-06-28T14:10:08.0871973+05:30:Thread#0:T:-> Loading plugin C:\Users\amitk\source\repos\Active-Active\bin\Debug\SpecRun.Runtime.SpecFlowPlugin.dll
2020-06-28T14:10:08.1128622+05:30:Thread#0:T:-> Using default config
2020-06-28T14:10:09.6443887+05:30:Thread#0: Test #4/0 is started on thread #0
2020-06-28T14:10:10.5011641+05:30:Thread#0:Scheduler: get next test for thread 0
2020-06-28T14:10:10.5011641+05:30:Thread#:Scheduler: at the end of normal test queue
2020-06-28T14:10:10.5011641+05:30:Thread#0:Scheduler: enumerator for thread is at end
2020-06-28T14:10:10.5011641+05:30:Thread#0:Scheduler: No more tests for thread
2020-06-28T14:10:10.5081455+05:30:Thread#0: Test #4/0 is finished on thread #0 as InitializationFailed within 0.8627594 seconds
2020-06-28T14:10:10.8500513+05:30:test thread #0 error: System.NullReferenceException: Object reference not set to an instance of an object.

Server stack trace: 
   at Active_Active.Hooks.TearDownReport() in C:\Users\amitk\source\repos\Active-Active\Hooks.cs:line 55
   at lambda_method(Closure , IContextManager )
   at TechTalk.SpecFlow.Bindings.BindingInvoker.InvokeBinding(IBinding binding, IContextManager contextManager, Object[] arguments, ITestTracer testTracer, TimeSpan& duration) in D:\a\1\s\TechTalk.SpecFlow\Bindings\BindingInvoker.cs:line 69
   at TechTalk.SpecFlow.Infrastructure.TestExecutionEngine.InvokeHook(IBindingInvoker invoker, IHookBinding hookBinding, HookType hookType) in D:\a\1\s\TechTalk.SpecFlow\Infrastructure\TestExecutionEngine.cs:line 351
   at TechTalk.SpecRun.SpecFlowPlugin.Runtime.RunnerTestExecutionEngine.InvokeHook(IBindingInvoker invoker, IHookBinding hookBinding, HookType hookType)
   at TechTalk.SpecFlow.Infrastructure.TestExecutionEngine.FireEvents(HookType hookType) in D:\a\1\s\TechTalk.SpecFlow\Infrastructure\TestExecutionEngine.cs:line 340
   at TechTalk.SpecFlow.Infrastructure.TestExecutionEngine.OnTestRunEnd() in D:\a\1\s\TechTalk.SpecFlow\Infrastructure\TestExecutionEngine.cs:line 148
   at TechTalk.SpecRun.SpecFlowPlugin.Runtime.RunnerTestExecutionEngine.OnTestRunEnd()
   at TechTalk.SpecFlow.TestRunner.OnTestRunEnd() in D:\a\1\s\TechTalk.SpecFlow\TestRunner.cs:line 74
   at TechTalk.SpecFlow.TestRunnerManager.FireTestRunEnd() in D:\a\1\s\TechTalk.SpecFlow\TestRunnerManager.cs:line 109
   at TechTalk.SpecFlow.TestRunnerManager.OnTestRunEnd(Assembly testAssembly, IContainerBuilder containerBuilder) in D:\a\1\s\TechTalk.SpecFlow\TestRunnerManager.cs:line 224
   at Active_Active_SpecFlowPlusRunnerAssemblyHooks.AssemblyCleanup() in C:\Users\amitk\source\repos\Active-Active\obj\Debug\SpecFlow.Plus.Runner.AssemblyHooks.cs:line 14
   at TechTalk.SpecRun.Framework.TaskExecutors.StaticOrInstanceMethodExecutor.ExecuteInternal(ITestThreadExecutionContext testThreadExecutionContext)
   at TechTalk.SpecRun.Framework.TaskExecutors.StaticOrInstanceMethodExecutor.Execute(ITestThreadExecutionContext testThreadExecutionContext)
   at TechTalk.SpecRun.Framework.TestAssemblyExecutor.RunAssemblyCleanupExecutors(ITestAssemblyExecutorsProvider testAssemblyExecutorsProvider, ITestThreadExecutionContext testThreadExecutionContext)
   at TechTalk.SpecRun.Framework.TestAssemblyExecutor.RunTests(ITestAssemblyExecutorState executorState, ITestAssemblyExecutorsProvider testAssemblyExecutorsProvider, ITestThreadExecutionContext testThreadExecutionContext)
   at TechTalk.SpecRun.Framework.TestAssemblyExecutor.RunTests(TestThreadState testThreadState)
   at System.Runtime.Remoting.Messaging.StackBuilderSink._PrivateProcessMessage(IntPtr md, Object[] args, Object server, Object[]& outArgs)
   at System.Runtime.Remoting.Messaging.StackBuilderSink.SyncProcessMessage(IMessage msg)

Exception rethrown at [0]: 
   at System.Runtime.Remoting.Proxies.RealProxy.HandleReturnMessage(IMessage reqMsg, IMessage retMsg)
   at System.Runtime.Remoting.Proxies.RealProxy.PrivateInvoke(MessageData& msgData, Int32 type)
   at TechTalk.SpecRun.Framework.ITestAssemblyExecutor.RunTests(TestThreadState testThreadState)
   at TechTalk.SpecRun.Framework.Execution.InProcess.InProcAppDomainTestAssemblyExecutorHost.RunTests(TestThreadState testThreadState)
   at TechTalk.SpecRun.Framework.TestThread.RunNonEmptyTestSuite(CancellationToken cancellationToken, TestThreadState testThreadState)
   at TechTalk.SpecRun.Framework.TestThread.Run(ITestExecutionManager executionManagerForRun, CancellationToken cancellationToken)
   at TechTalk.SpecRun.Framework.AsyncTestThreadRunner.RunSync(TestExecutionManager executionManager, CancellationToken cancellationToken)
2020-06-28T14:10:10.8583609+05:30:test thread error: TechTalk.SpecRun.Framework.SpecRunException: At least one test thread aborted. ---> System.NullReferenceException: Object reference not set to an instance of an object.

Server stack trace: 
   at Active_Active.Hooks.TearDownReport() in C:\Users\amitk\source\repos\Active-Active\Hooks.cs:line 55
   at lambda_method(Closure , IContextManager )
   at TechTalk.SpecFlow.Bindings.BindingInvoker.InvokeBinding(IBinding binding, IContextManager contextManager, Object[] arguments, ITestTracer testTracer, TimeSpan& duration) in D:\a\1\s\TechTalk.SpecFlow\Bindings\BindingInvoker.cs:line 69
   at TechTalk.SpecFlow.Infrastructure.TestExecutionEngine.InvokeHook(IBindingInvoker invoker, IHookBinding hookBinding, HookType hookType) in D:\a\1\s\TechTalk.SpecFlow\Infrastructure\TestExecutionEngine.cs:line 351
   at TechTalk.SpecRun.SpecFlowPlugin.Runtime.RunnerTestExecutionEngine.InvokeHook(IBindingInvoker invoker, IHookBinding hookBinding, HookType hookType)
   at TechTalk.SpecFlow.Infrastructure.TestExecutionEngine.FireEvents(HookType hookType) in D:\a\1\s\TechTalk.SpecFlow\Infrastructure\TestExecutionEngine.cs:line 340
   at TechTalk.SpecFlow.Infrastructure.TestExecutionEngine.OnTestRunEnd() in D:\a\1\s\TechTalk.SpecFlow\Infrastructure\TestExecutionEngine.cs:line 148
   at TechTalk.SpecRun.SpecFlowPlugin.Runtime.RunnerTestExecutionEngine.OnTestRunEnd()
   at TechTalk.SpecFlow.TestRunner.OnTestRunEnd() in D:\a\1\s\TechTalk.SpecFlow\TestRunner.cs:line 74
   at TechTalk.SpecFlow.TestRunnerManager.FireTestRunEnd() in D:\a\1\s\TechTalk.SpecFlow\TestRunnerManager.cs:line 109
   at TechTalk.SpecFlow.TestRunnerManager.OnTestRunEnd(Assembly testAssembly, IContainerBuilder containerBuilder) in D:\a\1\s\TechTalk.SpecFlow\TestRunnerManager.cs:line 224
   at Active_Active_SpecFlowPlusRunnerAssemblyHooks.AssemblyCleanup() in C:\Users\amitk\source\repos\Active-Active\obj\Debug\SpecFlow.Plus.Runner.AssemblyHooks.cs:line 14
   at TechTalk.SpecRun.Framework.TaskExecutors.StaticOrInstanceMethodExecutor.ExecuteInternal(ITestThreadExecutionContext testThreadExecutionContext)
   at TechTalk.SpecRun.Framework.TaskExecutors.StaticOrInstanceMethodExecutor.Execute(ITestThreadExecutionContext testThreadExecutionContext)
   at TechTalk.SpecRun.Framework.TestAssemblyExecutor.RunAssemblyCleanupExecutors(ITestAssemblyExecutorsProvider testAssemblyExecutorsProvider, ITestThreadExecutionContext testThreadExecutionContext)
   at TechTalk.SpecRun.Framework.TestAssemblyExecutor.RunTests(ITestAssemblyExecutorState executorState, ITestAssemblyExecutorsProvider testAssemblyExecutorsProvider, ITestThreadExecutionContext testThreadExecutionContext)
   at TechTalk.SpecRun.Framework.TestAssemblyExecutor.RunTests(TestThreadState testThreadState)
   at System.Runtime.Remoting.Messaging.StackBuilderSink._PrivateProcessMessage(IntPtr md, Object[] args, Object server, Object[]& outArgs)
   at System.Runtime.Remoting.Messaging.StackBuilderSink.SyncProcessMessage(IMessage msg)

Exception rethrown at [0]: 
   at System.Runtime.Remoting.Proxies.RealProxy.HandleReturnMessage(IMessage reqMsg, IMessage retMsg)
   at System.Runtime.Remoting.Proxies.RealProxy.PrivateInvoke(MessageData& msgData, Int32 type)
   at TechTalk.SpecRun.Framework.ITestAssemblyExecutor.RunTests(TestThreadState testThreadState)
   at TechTalk.SpecRun.Framework.Execution.InProcess.InProcAppDomainTestAssemblyExecutorHost.RunTests(TestThreadState testThreadState)
   at TechTalk.SpecRun.Framework.TestThread.RunNonEmptyTestSuite(CancellationToken cancellationToken, TestThreadState testThreadState)
   at TechTalk.SpecRun.Framework.TestThread.Run(ITestExecutionManager executionManagerForRun, CancellationToken cancellationToken)
   at TechTalk.SpecRun.Framework.AsyncTestThreadRunner.RunSync(TestExecutionManager executionManager, CancellationToken cancellationToken)
   --- End of inner exception stack trace ---
2020-06-28T14:10:10.8589924+05:30:Trying to cancel thread
2020-06-28T14:10:10.8589924+05:30:Thread cancelled
2020-06-28T14:10:10.8809322+05:30:Thread#-1:Scheduler: get next test for thread -1
2020-06-28T14:10:10.8809322+05:30:Thread#:Scheduler: at the end of normal test queue
2020-06-28T14:10:10.8809322+05:30:Thread#-1:Scheduler: enumerator for thread is at end
2020-06-28T14:10:10.8838993+05:30;Thread#13;Info;test run finished
2020-06-28T14:10:10.8848967+05:30;Thread#13;Info;publishing test results
2020-06-28T14:10:10.9363026+05:30;Thread#13;Info;test results published
2020-06-28T14:10:10.9363026+05:30;Thread#13;Info;generating reports
2020-06-28T14:10:11.5687377+05:30;Thread#13;Info;Starting external report generation process
2020-06-28T14:10:23.0570550+05:30;Thread#13;Info;Successfully generated reports.
2020-06-28T14:10:23.0600471+05:30;Thread#13;Info;Successfully generated reports
2020-06-28T14:10:23.0730459+05:30:Total: 1
2020-06-28T14:10:23.0750404+05:30:Succeeded: 0
2020-06-28T14:10:23.0760086+05:30:Ignored: 0
2020-06-28T14:10:23.0770007+05:30:Pending: 0
2020-06-28T14:10:23.0770007+05:30:Skipped: 0
2020-06-28T14:10:23.0780323+05:30:Failed: 1
2020-06-28T14:10:23.0819892+05:30;VSTestExecutionThread;Info;Adding attachments to VSTest
2020-06-28T14:10:23.0819892+05:30;VSTestExecutionThread;Info;adding Test Execution Report 'C:\Users\amitk\source\repos\Active-Active\TestResults\Unnamed project__2020-06-28T141005.html'
========== End of log file ==========
